1487339349.059700 client started (95285): socket /private/tmp/tmux-501/default, protocol 8
1487339349.059756 on Darwin 15.6.0 Darwin Kernel Version 15.6.0: Mon Jan  9 23:07:29 PST 2017; root:xnu-3248.60.11.2.1~1/RELEASE_X86_64; libevent 2.0.22-stable (select)
1487339349.059800 socket is /private/tmp/tmux-501/default
1487339349.059820 trying connect
1487339349.059922 add peer 0x7fe272801000: 6 (0x0)
1487339349.061643 sending message 100 to peer 0x7fe272801000 (4 bytes)
1487339349.061675 sending message 101 to peer 0x7fe272801000 (15 bytes)
1487339349.061681 sending message 102 to peer 0x7fe272801000 (13 bytes)
1487339349.061685 sending message 108 to peer 0x7fe272801000 (34 bytes)
1487339349.061693 sending message 104 to peer 0x7fe272801000 (0 bytes)
1487339349.061698 sending message 107 to peer 0x7fe272801000 (4 bytes)
1487339349.061702 sending message 105 to peer 0x7fe272801000 (49 bytes)
1487339349.061706 sending message 105 to peer 0x7fe272801000 (76 bytes)
1487339349.061710 sending message 105 to peer 0x7fe272801000 (88 bytes)
1487339349.061714 sending message 105 to peer 0x7fe272801000 (15 bytes)
1487339349.061773 sending message 105 to peer 0x7fe272801000 (75 bytes)
1487339349.061794 sending message 105 to peer 0x7fe272801000 (35 bytes)
1487339349.061798 sending message 105 to peer 0x7fe272801000 (21 bytes)
1487339349.061802 sending message 105 to peer 0x7fe272801000 (30 bytes)
1487339349.061806 sending message 105 to peer 0x7fe272801000 (28 bytes)
1487339349.061810 sending message 105 to peer 0x7fe272801000 (61 bytes)
1487339349.061813 sending message 105 to peer 0x7fe272801000 (15 bytes)
1487339349.061817 sending message 105 to peer 0x7fe272801000 (8 bytes)
1487339349.061821 sending message 105 to peer 0x7fe272801000 (26 bytes)
1487339349.061825 sending message 105 to peer 0x7fe272801000 (32 bytes)
1487339349.061828 sending message 105 to peer 0x7fe272801000 (61 bytes)
1487339349.061832 sending message 105 to peer 0x7fe272801000 (32 bytes)
1487339349.061836 sending message 105 to peer 0x7fe272801000 (11 bytes)
1487339349.061840 sending message 105 to peer 0x7fe272801000 (462 bytes)
1487339349.061843 sending message 105 to peer 0x7fe272801000 (38 bytes)
1487339349.061847 sending message 105 to peer 0x7fe272801000 (24 bytes)
1487339349.061851 sending message 105 to peer 0x7fe272801000 (25 bytes)
1487339349.061854 sending message 105 to peer 0x7fe272801000 (8 bytes)
1487339349.061858 sending message 105 to peer 0x7fe272801000 (66 bytes)
1487339349.061862 sending message 105 to peer 0x7fe272801000 (20 bytes)
1487339349.061865 sending message 105 to peer 0x7fe272801000 (23 bytes)
1487339349.061869 sending message 105 to peer 0x7fe272801000 (28 bytes)
1487339349.061872 sending message 105 to peer 0x7fe272801000 (60 bytes)
1487339349.061876 sending message 105 to peer 0x7fe272801000 (57 bytes)
1487339349.061879 sending message 105 to peer 0x7fe272801000 (42 bytes)
1487339349.061883 sending message 105 to peer 0x7fe272801000 (13 bytes)
1487339349.061887 sending message 105 to peer 0x7fe272801000 (65 bytes)
1487339349.061890 sending message 105 to peer 0x7fe272801000 (23 bytes)
1487339349.061894 sending message 105 to peer 0x7fe272801000 (14 bytes)
1487339349.061897 sending message 105 to peer 0x7fe272801000 (19 bytes)
1487339349.061901 sending message 105 to peer 0x7fe272801000 (40 bytes)
1487339349.061905 sending message 105 to peer 0x7fe272801000 (22 bytes)
1487339349.061908 sending message 105 to peer 0x7fe272801000 (38 bytes)
1487339349.061912 sending message 105 to peer 0x7fe272801000 (45 bytes)
1487339349.061915 sending message 105 to peer 0x7fe272801000 (43 bytes)
1487339349.061919 sending message 105 to peer 0x7fe272801000 (16 bytes)
1487339349.061923 sending message 105 to peer 0x7fe272801000 (16 bytes)
1487339349.061926 sending message 105 to peer 0x7fe272801000 (49 bytes)
1487339349.061930 sending message 105 to peer 0x7fe272801000 (38 bytes)
1487339349.061933 sending message 105 to peer 0x7fe272801000 (57 bytes)
1487339349.061937 sending message 105 to peer 0x7fe272801000 (17 bytes)
1487339349.061941 sending message 105 to peer 0x7fe272801000 (15 bytes)
1487339349.061954 sending message 106 to peer 0x7fe272801000 (0 bytes)
1487339349.066244 sending message 200 to peer 0x7fe272801000 (4 bytes)
1487339349.066290 client loop enter
1487339349.072141 peer 0x7fe272801000 message 211
1487339349.072185 peer 0x7fe272801000 message 203
1487339349.072196 client loop exit
